Email sent successfully!
OSError: [Errno 122] Disk quota exceeded

During handling of the above exception, another exception occurred:

Traceback (most recent call last):
  File "simAUBatchsept13.py", line 669, in <module>
    masslist_txt_append(simAU_masses,f'Masslists/{presentDirectory}{CLargs.date}Batch.txt','simAU','a', leaveGithub = "Rebound", leaveEnd = f"{CLargs.date}/{presentDirectory}")
  File "simAUBatchsept13.py", line 212, in masslist_txt_append
    file.write(message)
OSError: [Errno 122] Disk quota exceeded
Exception ignored in: <_io.TextIOWrapper name='<stdout>' mode='w' encoding='UTF-8'>
OSError: [Errno 122] Disk quota exceeded
OSError: [Errno 122] Disk quota exceeded

During handling of the above exception, another exception occurred:

Traceback (most recent call last):
  File "massListSorter.py", line 52, in <module>
    massListSorter(sys.argv[2])
  File "massListSorter.py", line 30, in massListSorter
    file.write('\n')
OSError: [Errno 122] Disk quota exceeded
Sun Oct 31 17:13:39 EDT 2021
