Email sent successfully!
OSError: [Errno 122] Disk quota exceeded

During handling of the above exception, another exception occurred:

Traceback (most recent call last):
  File "simAUBatchsept13.py", line 669, in <module>
    masslist_txt_append(simAU_masses,f'Masslists/{presentDirectory}{CLargs.date}Batch.txt','simAU','a', leaveGithub = "Rebound", leaveEnd = f"{CLargs.date}/{presentDirectory}")
  File "simAUBatchsept13.py", line 223, in masslist_txt_append
    masslist_txt_append(masslist, filepath, sim, write_type, leaveGithub = False) # Using all the same parameters except setting recursion to False.
  File "simAUBatchsept13.py", line 212, in masslist_txt_append
    file.write(message)
OSError: [Errno 122] Disk quota exceeded
Exception ignored in: <_io.TextIOWrapper name='<stdout>' mode='w' encoding='UTF-8'>
OSError: [Errno 122] Disk quota exceeded
Email sent successfully!
Fri Oct 29 05:53:48 EDT 2021
